#
# There is insufficient memory for the Java Runtime Environment to continue.
# Native memory allocation (malloc) failed to allocate 13981188096 bytes for committing reserved memory.
# Possible reasons:
#   The system is out of physical RAM or swap space
#   In 32 bit mode, the process size limit was hit
# Possible solutions:
#   Reduce memory load on the system
#   Increase physical memory or swap space
#   Check if swap backing store is full
#   Use 64 bit Java on a 64 bit OS
#   Decrease Java heap size (-Xmx/-Xms)
#   Decrease number of Java threads
#   Decrease Java thread stack sizes (-Xss)
#   Set larger code cache with -XX:ReservedCodeCacheSize=
# This output file may be truncated or incomplete.
#
#  Out of Memory Error (os_linux.cpp:2726), pid=22274, tid=139773339895552
#
# JRE version:  (7.0_51-b13) (build )
# Java VM: Java HotSpot(TM) 64-Bit Server VM (24.51-b03 mixed mode linux-amd64 compressed oops)
# Failed to write core dump. Core dumps have been disabled. To enable core dumping, try "ulimit -c unlimited" before starting Java again
#

---------------  T H R E A D  ---------------

Current thread (0x00007f1f7c00f000):  JavaThread "Unknown thread" [_thread_in_vm, id=22275, stack(0x00007f1f84360000,0x00007f1f84461000)]

Stack: [0x00007f1f84360000,0x00007f1f84461000],  sp=0x00007f1f8445f200,  free space=1020k
Native frames: (J=compiled Java code, j=interpreted, Vv=VM code, C=native code)
V  [libjvm.so+0x992f4a]  VMError::report_and_die()+0x2ea
V  [libjvm.so+0x4931ab]  report_vm_out_of_memory(char const*, int, unsigned long, char const*)+0x9b
V  [libjvm.so+0x81338e]  os::Linux::commit_memory_impl(char*, unsigned long, bool)+0xfe
V  [libjvm.so+0x81383f]  os::Linux::commit_memory_impl(char*, unsigned long, unsigned long, bool)+0x4f
V  [libjvm.so+0x813a2c]  os::pd_commit_memory(char*, unsigned long, unsigned long, bool)+0xc
V  [libjvm.so+0x80daea]  os::commit_memory(char*, unsigned long, unsigned long, bool)+0x2a
V  [libjvm.so+0x87fcd3]  PSVirtualSpace::expand_by(unsigned long)+0x53
V  [libjvm.so+0x86eaf3]  PSOldGen::initialize(ReservedSpace, unsigned long, char const*, int)+0x103
V  [libjvm.so+0x299043]  AdjoiningGenerations::AdjoiningGenerations(ReservedSpace, unsigned long, unsigned long, unsigned long, unsigned long, unsigned long, unsigned long, unsigned long)+0x3e3
V  [libjvm.so+0x8341e0]  ParallelScavengeHeap::initialize()+0x550
V  [libjvm.so+0x9664ca]  Universe::initialize_heap()+0xca
V  [libjvm.so+0x967699]  universe_init()+0x79
V  [libjvm.so+0x5a9625]  init_globals()+0x65
V  [libjvm.so+0x94ef8d]  Threads::create_vm(JavaVMInitArgs*, bool*)+0x1ed
V  [libjvm.so+0x6307e4]  JNI_CreateJavaVM+0x74
C  [libjli.so+0x2f8e]  JavaMain+0x9e


---------------  P R O C E S S  ---------------

Java Threads: ( => current thread )

Other Threads:

=>0x00007f1f7c00f000 (exited) JavaThread "Unknown thread" [_thread_in_vm, id=22275, stack(0x00007f1f84360000,0x00007f1f84461000)]

VM state:not at safepoint (not fully initialized)

VM Mutex/Monitor currently owned by a thread: None

GC Heap History (0 events):
No events

Deoptimization events (0 events):
No events

Internal exceptions (0 events):
No events

Events (0 events):
No events


Dynamic libraries:
00400000-00401000 r-xp 00000000 fc:01 11151726                           /usr/lib/jvm/java-7-oracle/bin/java
00600000-00601000 rw-p 00000000 fc:01 11151726                           /usr/lib/jvm/java-7-oracle/bin/java
00f2f000-00f50000 rw-p 00000000 00:00 0                                  [heap]
318d80000-31df80000 rw-p 00000000 00:00 0 
65f500000-800000000 rw-p 00000000 00:00 0 
7f1f768c6000-7f1f782f9000 rw-p 00000000 00:00 0 
7f1f782f9000-7f1f79000000 rw-p 00000000 00:00 0 
7f1f79000000-7f1f79270000 rwxp 00000000 00:00 0 
7f1f79270000-7f1f7c02b000 rw-p 00000000 00:00 0 
7f1f7c02b000-7f1f80000000 ---p 00000000 00:00 0 
7f1f8141d000-7f1f81662000 rw-p 00000000 00:00 0 
7f1f81662000-7f1f8167c000 r-xp 00000000 fc:01 11151918                   /usr/lib/jvm/java-7-oracle/jre/lib/amd64/libzip.so
7f1f8167c000-7f1f8187c000 ---p 0001a000 fc:01 11151918                   /usr/lib/jvm/java-7-oracle/jre/lib/amd64/libzip.so
7f1f8187c000-7f1f8187d000 rw-p 0001a000 fc:01 11151918                   /usr/lib/jvm/java-7-oracle/jre/lib/amd64/libzip.so
7f1f8187d000-7f1f81888000 r-xp 00000000 fc:01 4722747                    /lib/x86_64-linux-gnu/libnss_files-2.19.so
7f1f81888000-7f1f81a87000 ---p 0000b000 fc:01 4722747                    /lib/x86_64-linux-gnu/libnss_files-2.19.so
7f1f81a87000-7f1f81a88000 r--p 0000a000 fc:01 4722747                    /lib/x86_64-linux-gnu/libnss_files-2.19.so
7f1f81a88000-7f1f81a89000 rw-p 0000b000 fc:01 4722747                    /lib/x86_64-linux-gnu/libnss_files-2.19.so
7f1f81a89000-7f1f81a94000 r-xp 00000000 fc:01 4722759                    /lib/x86_64-linux-gnu/libnss_nis-2.19.so
7f1f81a94000-7f1f81c93000 ---p 0000b000 fc:01 4722759                    /lib/x86_64-linux-gnu/libnss_nis-2.19.so
7f1f81c93000-7f1f81c94000 r--p 0000a000 fc:01 4722759                    /lib/x86_64-linux-gnu/libnss_nis-2.19.so
7f1f81c94000-7f1f81c95000 rw-p 0000b000 fc:01 4722759                    /lib/x86_64-linux-gnu/libnss_nis-2.19.so
7f1f81c95000-7f1f81cac000 r-xp 00000000 fc:01 4722755                    /lib/x86_64-linux-gnu/libnsl-2.19.so
7f1f81cac000-7f1f81eab000 ---p 00017000 fc:01 4722755                    /lib/x86_64-linux-gnu/libnsl-2.19.so
7f1f81eab000-7f1f81eac000 r--p 00016000 fc:01 4722755                    /lib/x86_64-linux-gnu/libnsl-2.19.so
7f1f81eac000-7f1f81ead000 rw-p 00017000 fc:01 4722755                    /lib/x86_64-linux-gnu/libnsl-2.19.so
7f1f81ead000-7f1f81eaf000 rw-p 00000000 00:00 0 
7f1f81eaf000-7f1f81eb8000 r-xp 00000000 fc:01 4722760                    /lib/x86_64-linux-gnu/libnss_compat-2.19.so
7f1f81eb8000-7f1f820b7000 ---p 00009000 fc:01 4722760                    /lib/x86_64-linux-gnu/libnss_compat-2.19.so
7f1f820b7000-7f1f820b8000 r--p 00008000 fc:01 4722760                    /lib/x86_64-linux-gnu/libnss_compat-2.19.so
7f1f820b8000-7f1f820b9000 rw-p 00009000 fc:01 4722760                    /lib/x86_64-linux-gnu/libnss_compat-2.19.so
7f1f820b9000-7f1f820e2000 r-xp 00000000 fc:01 11151896                   /usr/lib/jvm/java-7-oracle/jre/lib/amd64/libjava.so
7f1f820e2000-7f1f822e2000 ---p 00029000 fc:01 11151896                   /usr/lib/jvm/java-7-oracle/jre/lib/amd64/libjava.so
7f1f822e2000-7f1f822e4000 rw-p 00029000 fc:01 11151896                   /usr/lib/jvm/java-7-oracle/jre/lib/amd64/libjava.so
7f1f822e4000-7f1f822f1000 r-xp 00000000 fc:01 11151904                   /usr/lib/jvm/java-7-oracle/jre/lib/amd64/libverify.so
7f1f822f1000-7f1f824f0000 ---p 0000d000 fc:01 11151904                   /usr/lib/jvm/java-7-oracle/jre/lib/amd64/libverify.so
7f1f824f0000-7f1f824f2000 rw-p 0000c000 fc:01 11151904                   /usr/lib/jvm/java-7-oracle/jre/lib/amd64/libverify.so
7f1f824f2000-7f1f824f9000 r-xp 00000000 fc:01 4722767                    /lib/x86_64-linux-gnu/librt-2.19.so
7f1f824f9000-7f1f826f8000 ---p 00007000 fc:01 4722767                    /lib/x86_64-linux-gnu/librt-2.19.so
7f1f826f8000-7f1f826f9000 r--p 00006000 fc:01 4722767                    /lib/x86_64-linux-gnu/librt-2.19.so
7f1f826f9000-7f1f826fa000 rw-p 00007000 fc:01 4722767                    /lib/x86_64-linux-gnu/librt-2.19.so
7f1f826fa000-7f1f827ff000 r-xp 00000000 fc:01 4722749                    /lib/x86_64-linux-gnu/libm-2.19.so
7f1f827ff000-7f1f829fe000 ---p 00105000 fc:01 4722749                    /lib/x86_64-linux-gnu/libm-2.19.so
7f1f829fe000-7f1f829ff000 r--p 00104000 fc:01 4722749                    /lib/x86_64-linux-gnu/libm-2.19.so
7f1f829ff000-7f1f82a00000 rw-p 00105000 fc:01 4722749                    /lib/x86_64-linux-gnu/libm-2.19.so
7f1f82a00000-7f1f83562000 r-xp 00000000 fc:01 11151890                   /usr/lib/jvm/java-7-oracle/jre/lib/amd64/server/libjvm.so
7f1f83562000-7f1f83762000 ---p 00b62000 fc:01 11151890                   /usr/lib/jvm/java-7-oracle/jre/lib/amd64/server/libjvm.so
7f1f83762000-7f1f83825000 rw-p 00b62000 fc:01 11151890                   /usr/lib/jvm/java-7-oracle/jre/lib/amd64/server/libjvm.so
7f1f83825000-7f1f83866000 rw-p 00000000 00:00 0 
7f1f83866000-7f1f83a22000 r-xp 00000000 fc:01 4722743                    /lib/x86_64-linux-gnu/libc-2.19.so
7f1f83a22000-7f1f83c21000 ---p 001bc000 fc:01 4722743                    /lib/x86_64-linux-gnu/libc-2.19.so
7f1f83c21000-7f1f83c25000 r--p 001bb000 fc:01 4722743                    /lib/x86_64-linux-gnu/libc-2.19.so
7f1f83c25000-7f1f83c27000 rw-p 001bf000 fc:01 4722743                    /lib/x86_64-linux-gnu/libc-2.19.so
7f1f83c27000-7f1f83c2c000 rw-p 00000000 00:00 0 
7f1f83c2c000-7f1f83c2f000 r-xp 00000000 fc:01 4722763                    /lib/x86_64-linux-gnu/libdl-2.19.so
7f1f83c2f000-7f1f83e2e000 ---p 00003000 fc:01 4722763                    /lib/x86_64-linux-gnu/libdl-2.19.so
7f1f83e2e000-7f1f83e2f000 r--p 00002000 fc:01 4722763                    /lib/x86_64-linux-gnu/libdl-2.19.so
7f1f83e2f000-7f1f83e30000 rw-p 00003000 fc:01 4722763                    /lib/x86_64-linux-gnu/libdl-2.19.so
7f1f83e30000-7f1f83e46000 r-xp 00000000 fc:01 11147437                   /usr/lib/jvm/java-7-oracle/lib/amd64/jli/libjli.so
7f1f83e46000-7f1f84046000 ---p 00016000 fc:01 11147437                   /usr/lib/jvm/java-7-oracle/lib/amd64/jli/libjli.so
7f1f84046000-7f1f84047000 rw-p 00016000 fc:01 11147437                   /usr/lib/jvm/java-7-oracle/lib/amd64/jli/libjli.so
7f1f84047000-7f1f84060000 r-xp 00000000 fc:01 4722766                    /lib/x86_64-linux-gnu/libpthread-2.19.so
7f1f84060000-7f1f8425f000 ---p 00019000 fc:01 4722766                    /lib/x86_64-linux-gnu/libpthread-2.19.so
7f1f8425f000-7f1f84260000 r--p 00018000 fc:01 4722766                    /lib/x86_64-linux-gnu/libpthread-2.19.so
7f1f84260000-7f1f84261000 rw-p 00019000 fc:01 4722766                    /lib/x86_64-linux-gnu/libpthread-2.19.so
7f1f84261000-7f1f84265000 rw-p 00000000 00:00 0 
7f1f84265000-7f1f84288000 r-xp 00000000 fc:01 4722742                    /lib/x86_64-linux-gnu/ld-2.19.so
7f1f842a0000-7f1f842aa000 rw-p 00000000 00:00 0 
7f1f842aa000-7f1f84360000 rw-p 00000000 00:00 0 
7f1f84360000-7f1f84363000 ---p 00000000 00:00 0 
7f1f84363000-7f1f84465000 rw-p 00000000 00:00 0                          [stack:22275]
7f1f84479000-7f1f8447b000 rw-p 00000000 00:00 0 
7f1f8447b000-7f1f84483000 rw-s 00000000 fc:01 4719566                    /tmp/hsperfdata_kay/22274
7f1f84483000-7f1f84484000 rw-p 00000000 00:00 0 
7f1f84484000-7f1f84485000 r--p 00000000 00:00 0 
7f1f84485000-7f1f84487000 rw-p 00000000 00:00 0 
7f1f84487000-7f1f84488000 r--p 00022000 fc:01 4722742                    /lib/x86_64-linux-gnu/ld-2.19.so
7f1f84488000-7f1f84489000 rw-p 00023000 fc:01 4722742                    /lib/x86_64-linux-gnu/ld-2.19.so
7f1f84489000-7f1f8448a000 rw-p 00000000 00:00 0 
7fffb6c10000-7fffb6c34000 rw-p 00000000 00:00 0                          [stack]
7fffb6d91000-7fffb6d93000 r-xp 00000000 00:00 0                          [vdso]
ffffffffff600000-ffffffffff601000 r-xp 00000000 00:00 0                  [vsyscall]

VM Arguments:
jvm_args: -Xms20000m -Xmx20000m -Didea.launcher.port=7543 -Didea.launcher.bin.path=/home/kay/ideaIC/bin -Dfile.encoding=UTF-8 
java_command: com.intellij.rt.execution.application.AppMain eu.blos.java.array.TestArraySizes
Launcher Type: SUN_STANDARD

Environment Variables:
JAVA_HOME=/usr/lib/jvm/java-7-oracle
CLASSPATH=/home/kay/ideaIC/bin/../lib/bootstrap.jar:/home/kay/ideaIC/bin/../lib/extensions.jar:/home/kay/ideaIC/bin/../lib/util.jar:/home/kay/ideaIC/bin/../lib/jdom.jar:/home/kay/ideaIC/bin/../lib/log4j.jar:/home/kay/ideaIC/bin/../lib/trove4j.jar:/home/kay/ideaIC/bin/../lib/jna.jar:/usr/lib/jvm/java-7-oracle/lib/tools.jar
PATH=/usr/local/sbin:/usr/local/bin:/usr/sbin:/usr/bin:/sbin:/bin:/usr/games:/usr/local/games:/usr/lib/jvm/java-7-oracle/bin:/usr/lib/jvm/java-7-oracle/db/bin:/usr/lib/jvm/java-7-oracle/jre/bin
LD_LIBRARY_PATH=/home/kay/ideaIC/bin:
SHELL=/bin/bash
DISPLAY=:0

Signal Handlers:
SIGSEGV: [libjvm.so+0x993870], sa_mask[0]=0x7ffbfeff, sa_flags=0x10000004
SIGBUS: [libjvm.so+0x993870], sa_mask[0]=0x7ffbfeff, sa_flags=0x10000004
SIGFPE: [libjvm.so+0x8105b0], sa_mask[0]=0x7ffbfeff, sa_flags=0x10000004
SIGPIPE: [libjvm.so+0x8105b0], sa_mask[0]=0x7ffbfeff, sa_flags=0x10000004
SIGXFSZ: [libjvm.so+0x8105b0], sa_mask[0]=0x7ffbfeff, sa_flags=0x10000004
SIGILL: [libjvm.so+0x8105b0], sa_mask[0]=0x7ffbfeff, sa_flags=0x10000004
SIGUSR1: SIG_DFL, sa_mask[0]=0x00000000, sa_flags=0x00000000
SIGUSR2: [libjvm.so+0x811aa0], sa_mask[0]=0x00000004, sa_flags=0x10000004
SIGHUP: SIG_DFL, sa_mask[0]=0x00000000, sa_flags=0x00000000
SIGINT: SIG_DFL, sa_mask[0]=0x00000000, sa_flags=0x00000000
SIGTERM: SIG_DFL, sa_mask[0]=0x00000000, sa_flags=0x00000000
SIGQUIT: SIG_DFL, sa_mask[0]=0x00000000, sa_flags=0x00000000


---------------  S Y S T E M  ---------------

OS:jessie/sid

uname:Linux 3.13.0-29-generic #53-Ubuntu SMP Wed Jun 4 21:00:20 UTC 2014 x86_64
libc:glibc 2.19 NPTL 2.19 
rlimit: STACK 8192k, CORE 0k, NPROC 62940, NOFILE 4096, AS infinity
load average:2.05 1.46 0.95

/proc/meminfo:
MemTotal:        8087696 kB
MemFree:         2010760 kB
Buffers:           93556 kB
Cached:          1375936 kB
SwapCached:       370208 kB
Active:          3323160 kB
Inactive:        2425480 kB
Active(anon):    2992364 kB
Inactive(anon):  2038828 kB
Active(file):     330796 kB
Inactive(file):   386652 kB
Unevictable:          80 kB
Mlocked:              80 kB
SwapTotal:       8302588 kB
SwapFree:        6862876 kB
Dirty:             50032 kB
Writeback:             0 kB
AnonPages:       4084856 kB
Mapped:           365012 kB
Shmem:            752044 kB
Slab:             135252 kB
SReclaimable:      85468 kB
SUnreclaim:        49784 kB
KernelStack:        7408 kB
PageTables:        66060 kB
NFS_Unstable:          0 kB
Bounce:                0 kB
WritebackTmp:          0 kB
CommitLimit:    12346436 kB
Committed_AS:   17570460 kB
VmallocTotal:   34359738367 kB
VmallocUsed:      413252 kB
VmallocChunk:   34359260584 kB
HardwareCorrupted:     0 kB
AnonHugePages:   2045952 kB
HugePages_Total:       0
HugePages_Free:        0
HugePages_Rsvd:        0
HugePages_Surp:        0
Hugepagesize:       2048 kB
DirectMap4k:      104384 kB
DirectMap2M:     8196096 kB


CPU:total 4 (2 cores per cpu, 2 threads per core) family 6 model 42 stepping 7, cmov, cx8, fxsr, mmx, sse, sse2, sse3, ssse3, sse4.1, sse4.2, popcnt, avx, aes, ht, tsc, tscinvbit

/proc/cpuinfo:
processor	: 0
vendor_id	: GenuineIntel
cpu family	: 6
model		: 42
model name	: Intel(R) Core(TM) i5-2450M CPU @ 2.50GHz
stepping	: 7
microcode	: 0x23
cpu MHz		: 1800.000
cache size	: 3072 KB
physical id	: 0
siblings	: 4
core id		: 0
cpu cores	: 2
apicid		: 0
initial apicid	: 0
fpu		: yes
fpu_exception	: yes
cpuid level	: 13
wp		: yes
flags		: fpu vme de pse tsc msr pae mce cx8 apic sep mtrr pge mca cmov pat pse36 clflush dts acpi mmx fxsr sse sse2 ss ht tm pbe syscall nx rdtscp lm constant_tsc arch_perfmon pebs bts nopl xtopology nonstop_tsc aperfmperf eagerfpu pni pclmulqdq dtes64 monitor ds_cpl vmx est tm2 ssse3 cx16 xtpr pdcm pcid sse4_1 sse4_2 x2apic popcnt tsc_deadline_timer aes xsave avx lahf_lm ida arat epb xsaveopt pln pts dtherm tpr_shadow vnmi flexpriority ept vpid
bogomips	: 4988.59
clflush size	: 64
cache_alignment	: 64
address sizes	: 36 bits physical, 48 bits virtual
power management:

processor	: 1
vendor_id	: GenuineIntel
cpu family	: 6
model		: 42
model name	: Intel(R) Core(TM) i5-2450M CPU @ 2.50GHz
stepping	: 7
microcode	: 0x23
cpu MHz		: 2501.000
cache size	: 3072 KB
physical id	: 0
siblings	: 4
core id		: 0
cpu cores	: 2
apicid		: 1
initial apicid	: 1
fpu		: yes
fpu_exception	: yes
cpuid level	: 13
wp		: yes
flags		: fpu vme de pse tsc msr pae mce cx8 apic sep mtrr pge mca cmov pat pse36 clflush dts acpi mmx fxsr sse sse2 ss ht tm pbe syscall nx rdtscp lm constant_tsc arch_perfmon pebs bts nopl xtopology nonstop_tsc aperfmperf eagerfpu pni pclmulqdq dtes64 monitor ds_cpl vmx est tm2 ssse3 cx16 xtpr pdcm pcid sse4_1 sse4_2 x2apic popcnt tsc_deadline_timer aes xsave avx lahf_lm ida arat epb xsaveopt pln pts dtherm tpr_shadow vnmi flexpriority ept vpid
bogomips	: 4988.59
clflush size	: 64
cache_alignment	: 64
address sizes	: 36 bits physical, 48 bits virtual
power management:

processor	: 2
vendor_id	: GenuineIntel
cpu family	: 6
model		: 42
model name	: Intel(R) Core(TM) i5-2450M CPU @ 2.50GHz
stepping	: 7
microcode	: 0x23
cpu MHz		: 1400.000
cache size	: 3072 KB
physical id	: 0
siblings	: 4
core id		: 1
cpu cores	: 2
apicid		: 2
initial apicid	: 2
fpu		: yes
fpu_exception	: yes
cpuid level	: 13
wp		: yes
flags		: fpu vme de pse tsc msr pae mce cx8 apic sep mtrr pge mca cmov pat pse36 clflush dts acpi mmx fxsr sse sse2 ss ht tm pbe syscall nx rdtscp lm constant_tsc arch_perfmon pebs bts nopl xtopology nonstop_tsc aperfmperf eagerfpu pni pclmulqdq dtes64 monitor ds_cpl vmx est tm2 ssse3 cx16 xtpr pdcm pcid sse4_1 sse4_2 x2apic popcnt tsc_deadline_timer aes xsave avx lahf_lm ida arat epb xsaveopt pln pts dtherm tpr_shadow vnmi flexpriority ept vpid
bogomips	: 4988.59
clflush size	: 64
cache_alignment	: 64
address sizes	: 36 bits physical, 48 bits virtual
power management:

processor	: 3
vendor_id	: GenuineIntel
cpu family	: 6
model		: 42
model name	: Intel(R) Core(TM) i5-2450M CPU @ 2.50GHz
stepping	: 7
microcode	: 0x23
cpu MHz		: 2501.000
cache size	: 3072 KB
physical id	: 0
siblings	: 4
core id		: 1
cpu cores	: 2
apicid		: 3
initial apicid	: 3
fpu		: yes
fpu_exception	: yes
cpuid level	: 13
wp		: yes
flags		: fpu vme de pse tsc msr pae mce cx8 apic sep mtrr pge mca cmov pat pse36 clflush dts acpi mmx fxsr sse sse2 ss ht tm pbe syscall nx rdtscp lm constant_tsc arch_perfmon pebs bts nopl xtopology nonstop_tsc aperfmperf eagerfpu pni pclmulqdq dtes64 monitor ds_cpl vmx est tm2 ssse3 cx16 xtpr pdcm pcid sse4_1 sse4_2 x2apic popcnt tsc_deadline_timer aes xsave avx lahf_lm ida arat epb xsaveopt pln pts dtherm tpr_shadow vnmi flexpriority ept vpid
bogomips	: 4988.59
clflush size	: 64
cache_alignment	: 64
address sizes	: 36 bits physical, 48 bits virtual
power management:



Memory: 4k page, physical 8087696k(2010760k free), swap 8302588k(6862876k free)

vm_info: Java HotSpot(TM) 64-Bit Server VM (24.51-b03) for linux-amd64 JRE (1.7.0_51-b13), built on Dec 18 2013 18:48:01 by "java_re" with gcc 4.3.0 20080428 (Red Hat 4.3.0-8)

time: Tue Jun 24 19:34:16 2014
elapsed time: 0 seconds

