#
# There is insufficient memory for the Java Runtime Environment to continue.
# Native memory allocation (malloc) failed to allocate 13981188096 bytes for committing reserved memory.
# Possible reasons:
#   The system is out of physical RAM or swap space
#   In 32 bit mode, the process size limit was hit
# Possible solutions:
#   Reduce memory load on the system
#   Increase physical memory or swap space
#   Check if swap backing store is full
#   Use 64 bit Java on a 64 bit OS
#   Decrease Java heap size (-Xmx/-Xms)
#   Decrease number of Java threads
#   Decrease Java thread stack sizes (-Xss)
#   Set larger code cache with -XX:ReservedCodeCacheSize=
# This output file may be truncated or incomplete.
#
#  Out of Memory Error (os_linux.cpp:2726), pid=22241, tid=139797483960064
#
# JRE version:  (7.0_51-b13) (build )
# Java VM: Java HotSpot(TM) 64-Bit Server VM (24.51-b03 mixed mode linux-amd64 compressed oops)
# Failed to write core dump. Core dumps have been disabled. To enable core dumping, try "ulimit -c unlimited" before starting Java again
#

---------------  T H R E A D  ---------------

Current thread (0x00007f251c00f000):  JavaThread "Unknown thread" [_thread_in_vm, id=22243, stack(0x00007f25234f3000,0x00007f25235f4000)]

Stack: [0x00007f25234f3000,0x00007f25235f4000],  sp=0x00007f25235f2200,  free space=1020k
Native frames: (J=compiled Java code, j=interpreted, Vv=VM code, C=native code)
V  [libjvm.so+0x992f4a]  VMError::report_and_die()+0x2ea
V  [libjvm.so+0x4931ab]  report_vm_out_of_memory(char const*, int, unsigned long, char const*)+0x9b
V  [libjvm.so+0x81338e]  os::Linux::commit_memory_impl(char*, unsigned long, bool)+0xfe
V  [libjvm.so+0x81383f]  os::Linux::commit_memory_impl(char*, unsigned long, unsigned long, bool)+0x4f
V  [libjvm.so+0x813a2c]  os::pd_commit_memory(char*, unsigned long, unsigned long, bool)+0xc
V  [libjvm.so+0x80daea]  os::commit_memory(char*, unsigned long, unsigned long, bool)+0x2a
V  [libjvm.so+0x87fcd3]  PSVirtualSpace::expand_by(unsigned long)+0x53
V  [libjvm.so+0x86eaf3]  PSOldGen::initialize(ReservedSpace, unsigned long, char const*, int)+0x103
V  [libjvm.so+0x299043]  AdjoiningGenerations::AdjoiningGenerations(ReservedSpace, unsigned long, unsigned long, unsigned long, unsigned long, unsigned long, unsigned long, unsigned long)+0x3e3
V  [libjvm.so+0x8341e0]  ParallelScavengeHeap::initialize()+0x550
V  [libjvm.so+0x9664ca]  Universe::initialize_heap()+0xca
V  [libjvm.so+0x967699]  universe_init()+0x79
V  [libjvm.so+0x5a9625]  init_globals()+0x65
V  [libjvm.so+0x94ef8d]  Threads::create_vm(JavaVMInitArgs*, bool*)+0x1ed
V  [libjvm.so+0x6307e4]  JNI_CreateJavaVM+0x74
C  [libjli.so+0x2f8e]  JavaMain+0x9e


---------------  P R O C E S S  ---------------

Java Threads: ( => current thread )

Other Threads:

=>0x00007f251c00f000 (exited) JavaThread "Unknown thread" [_thread_in_vm, id=22243, stack(0x00007f25234f3000,0x00007f25235f4000)]

VM state:not at safepoint (not fully initialized)

VM Mutex/Monitor currently owned by a thread: None

GC Heap History (0 events):
No events

Deoptimization events (0 events):
No events

Internal exceptions (0 events):
No events

Events (0 events):
No events


Dynamic libraries:
00400000-00401000 r-xp 00000000 fc:01 11151726                           /usr/lib/jvm/java-7-oracle/bin/java
00600000-00601000 rw-p 00000000 fc:01 11151726                           /usr/lib/jvm/java-7-oracle/bin/java
01731000-01752000 rw-p 00000000 00:00 0                                  [heap]
318d80000-31df80000 rw-p 00000000 00:00 0 
65f500000-800000000 rw-p 00000000 00:00 0 
7f25168c6000-7f25182f9000 rw-p 00000000 00:00 0 
7f25182f9000-7f2519000000 rw-p 00000000 00:00 0 
7f2519000000-7f2519270000 rwxp 00000000 00:00 0 
7f2519270000-7f251c02b000 rw-p 00000000 00:00 0 
7f251c02b000-7f2520000000 ---p 00000000 00:00 0 
7f25205b0000-7f25207f5000 rw-p 00000000 00:00 0 
7f25207f5000-7f252080f000 r-xp 00000000 fc:01 11151918                   /usr/lib/jvm/java-7-oracle/jre/lib/amd64/libzip.so
7f252080f000-7f2520a0f000 ---p 0001a000 fc:01 11151918                   /usr/lib/jvm/java-7-oracle/jre/lib/amd64/libzip.so
7f2520a0f000-7f2520a10000 rw-p 0001a000 fc:01 11151918                   /usr/lib/jvm/java-7-oracle/jre/lib/amd64/libzip.so
7f2520a10000-7f2520a1b000 r-xp 00000000 fc:01 4722747                    /lib/x86_64-linux-gnu/libnss_files-2.19.so
7f2520a1b000-7f2520c1a000 ---p 0000b000 fc:01 4722747                    /lib/x86_64-linux-gnu/libnss_files-2.19.so
7f2520c1a000-7f2520c1b000 r--p 0000a000 fc:01 4722747                    /lib/x86_64-linux-gnu/libnss_files-2.19.so
7f2520c1b000-7f2520c1c000 rw-p 0000b000 fc:01 4722747                    /lib/x86_64-linux-gnu/libnss_files-2.19.so
7f2520c1c000-7f2520c27000 r-xp 00000000 fc:01 4722759                    /lib/x86_64-linux-gnu/libnss_nis-2.19.so
7f2520c27000-7f2520e26000 ---p 0000b000 fc:01 4722759                    /lib/x86_64-linux-gnu/libnss_nis-2.19.so
7f2520e26000-7f2520e27000 r--p 0000a000 fc:01 4722759                    /lib/x86_64-linux-gnu/libnss_nis-2.19.so
7f2520e27000-7f2520e28000 rw-p 0000b000 fc:01 4722759                    /lib/x86_64-linux-gnu/libnss_nis-2.19.so
7f2520e28000-7f2520e3f000 r-xp 00000000 fc:01 4722755                    /lib/x86_64-linux-gnu/libnsl-2.19.so
7f2520e3f000-7f252103e000 ---p 00017000 fc:01 4722755                    /lib/x86_64-linux-gnu/libnsl-2.19.so
7f252103e000-7f252103f000 r--p 00016000 fc:01 4722755                    /lib/x86_64-linux-gnu/libnsl-2.19.so
7f252103f000-7f2521040000 rw-p 00017000 fc:01 4722755                    /lib/x86_64-linux-gnu/libnsl-2.19.so
7f2521040000-7f2521042000 rw-p 00000000 00:00 0 
7f2521042000-7f252104b000 r-xp 00000000 fc:01 4722760                    /lib/x86_64-linux-gnu/libnss_compat-2.19.so
7f252104b000-7f252124a000 ---p 00009000 fc:01 4722760                    /lib/x86_64-linux-gnu/libnss_compat-2.19.so
7f252124a000-7f252124b000 r--p 00008000 fc:01 4722760                    /lib/x86_64-linux-gnu/libnss_compat-2.19.so
7f252124b000-7f252124c000 rw-p 00009000 fc:01 4722760                    /lib/x86_64-linux-gnu/libnss_compat-2.19.so
7f252124c000-7f2521275000 r-xp 00000000 fc:01 11151896                   /usr/lib/jvm/java-7-oracle/jre/lib/amd64/libjava.so
7f2521275000-7f2521475000 ---p 00029000 fc:01 11151896                   /usr/lib/jvm/java-7-oracle/jre/lib/amd64/libjava.so
7f2521475000-7f2521477000 rw-p 00029000 fc:01 11151896                   /usr/lib/jvm/java-7-oracle/jre/lib/amd64/libjava.so
7f2521477000-7f2521484000 r-xp 00000000 fc:01 11151904                   /usr/lib/jvm/java-7-oracle/jre/lib/amd64/libverify.so
7f2521484000-7f2521683000 ---p 0000d000 fc:01 11151904                   /usr/lib/jvm/java-7-oracle/jre/lib/amd64/libverify.so
7f2521683000-7f2521685000 rw-p 0000c000 fc:01 11151904                   /usr/lib/jvm/java-7-oracle/jre/lib/amd64/libverify.so
7f2521685000-7f252168c000 r-xp 00000000 fc:01 4722767                    /lib/x86_64-linux-gnu/librt-2.19.so
7f252168c000-7f252188b000 ---p 00007000 fc:01 4722767                    /lib/x86_64-linux-gnu/librt-2.19.so
7f252188b000-7f252188c000 r--p 00006000 fc:01 4722767                    /lib/x86_64-linux-gnu/librt-2.19.so
7f252188c000-7f252188d000 rw-p 00007000 fc:01 4722767                    /lib/x86_64-linux-gnu/librt-2.19.so
7f252188d000-7f2521992000 r-xp 00000000 fc:01 4722749                    /lib/x86_64-linux-gnu/libm-2.19.so
7f2521992000-7f2521b91000 ---p 00105000 fc:01 4722749                    /lib/x86_64-linux-gnu/libm-2.19.so
7f2521b91000-7f2521b92000 r--p 00104000 fc:01 4722749                    /lib/x86_64-linux-gnu/libm-2.19.so
7f2521b92000-7f2521b93000 rw-p 00105000 fc:01 4722749                    /lib/x86_64-linux-gnu/libm-2.19.so
7f2521b93000-7f25226f5000 r-xp 00000000 fc:01 11151890                   /usr/lib/jvm/java-7-oracle/jre/lib/amd64/server/libjvm.so
7f25226f5000-7f25228f5000 ---p 00b62000 fc:01 11151890                   /usr/lib/jvm/java-7-oracle/jre/lib/amd64/server/libjvm.so
7f25228f5000-7f25229b8000 rw-p 00b62000 fc:01 11151890                   /usr/lib/jvm/java-7-oracle/jre/lib/amd64/server/libjvm.so
7f25229b8000-7f25229f9000 rw-p 00000000 00:00 0 
7f25229f9000-7f2522bb5000 r-xp 00000000 fc:01 4722743                    /lib/x86_64-linux-gnu/libc-2.19.so
7f2522bb5000-7f2522db4000 ---p 001bc000 fc:01 4722743                    /lib/x86_64-linux-gnu/libc-2.19.so
7f2522db4000-7f2522db8000 r--p 001bb000 fc:01 4722743                    /lib/x86_64-linux-gnu/libc-2.19.so
7f2522db8000-7f2522dba000 rw-p 001bf000 fc:01 4722743                    /lib/x86_64-linux-gnu/libc-2.19.so
7f2522dba000-7f2522dbf000 rw-p 00000000 00:00 0 
7f2522dbf000-7f2522dc2000 r-xp 00000000 fc:01 4722763                    /lib/x86_64-linux-gnu/libdl-2.19.so
7f2522dc2000-7f2522fc1000 ---p 00003000 fc:01 4722763                    /lib/x86_64-linux-gnu/libdl-2.19.so
7f2522fc1000-7f2522fc2000 r--p 00002000 fc:01 4722763                    /lib/x86_64-linux-gnu/libdl-2.19.so
7f2522fc2000-7f2522fc3000 rw-p 00003000 fc:01 4722763                    /lib/x86_64-linux-gnu/libdl-2.19.so
7f2522fc3000-7f2522fd9000 r-xp 00000000 fc:01 11147437                   /usr/lib/jvm/java-7-oracle/lib/amd64/jli/libjli.so
7f2522fd9000-7f25231d9000 ---p 00016000 fc:01 11147437                   /usr/lib/jvm/java-7-oracle/lib/amd64/jli/libjli.so
7f25231d9000-7f25231da000 rw-p 00016000 fc:01 11147437                   /usr/lib/jvm/java-7-oracle/lib/amd64/jli/libjli.so
7f25231da000-7f25231f3000 r-xp 00000000 fc:01 4722766                    /lib/x86_64-linux-gnu/libpthread-2.19.so
7f25231f3000-7f25233f2000 ---p 00019000 fc:01 4722766                    /lib/x86_64-linux-gnu/libpthread-2.19.so
7f25233f2000-7f25233f3000 r--p 00018000 fc:01 4722766                    /lib/x86_64-linux-gnu/libpthread-2.19.so
7f25233f3000-7f25233f4000 rw-p 00019000 fc:01 4722766                    /lib/x86_64-linux-gnu/libpthread-2.19.so
7f25233f4000-7f25233f8000 rw-p 00000000 00:00 0 
7f25233f8000-7f252341b000 r-xp 00000000 fc:01 4722742                    /lib/x86_64-linux-gnu/ld-2.19.so
7f2523433000-7f252343d000 rw-p 00000000 00:00 0 
7f252343d000-7f25234f3000 rw-p 00000000 00:00 0 
7f25234f3000-7f25234f6000 ---p 00000000 00:00 0 
7f25234f6000-7f25235f8000 rw-p 00000000 00:00 0                          [stack:22243]
7f252360c000-7f252360e000 rw-p 00000000 00:00 0 
7f252360e000-7f2523616000 rw-s 00000000 fc:01 4719565                    /tmp/hsperfdata_kay/22241
7f2523616000-7f2523617000 rw-p 00000000 00:00 0 
7f2523617000-7f2523618000 r--p 00000000 00:00 0 
7f2523618000-7f252361a000 rw-p 00000000 00:00 0 
7f252361a000-7f252361b000 r--p 00022000 fc:01 4722742                    /lib/x86_64-linux-gnu/ld-2.19.so
7f252361b000-7f252361c000 rw-p 00023000 fc:01 4722742                    /lib/x86_64-linux-gnu/ld-2.19.so
7f252361c000-7f252361d000 rw-p 00000000 00:00 0 
7fff8e88f000-7fff8e8b3000 rw-p 00000000 00:00 0                          [stack]
7fff8e9fb000-7fff8e9fd000 r-xp 00000000 00:00 0                          [vdso]
ffffffffff600000-ffffffffff601000 r-xp 00000000 00:00 0                  [vsyscall]

VM Arguments:
jvm_args: -Xms20000m -Xmx20000m -Didea.launcher.port=7542 -Didea.launcher.bin.path=/home/kay/ideaIC/bin -Dfile.encoding=UTF-8 
java_command: com.intellij.rt.execution.application.AppMain eu.blos.java.array.TestArraySizes
Launcher Type: SUN_STANDARD

Environment Variables:
JAVA_HOME=/usr/lib/jvm/java-7-oracle
CLASSPATH=/home/kay/ideaIC/bin/../lib/bootstrap.jar:/home/kay/ideaIC/bin/../lib/extensions.jar:/home/kay/ideaIC/bin/../lib/util.jar:/home/kay/ideaIC/bin/../lib/jdom.jar:/home/kay/ideaIC/bin/../lib/log4j.jar:/home/kay/ideaIC/bin/../lib/trove4j.jar:/home/kay/ideaIC/bin/../lib/jna.jar:/usr/lib/jvm/java-7-oracle/lib/tools.jar
PATH=/usr/local/sbin:/usr/local/bin:/usr/sbin:/usr/bin:/sbin:/bin:/usr/games:/usr/local/games:/usr/lib/jvm/java-7-oracle/bin:/usr/lib/jvm/java-7-oracle/db/bin:/usr/lib/jvm/java-7-oracle/jre/bin
LD_LIBRARY_PATH=/home/kay/ideaIC/bin:
SHELL=/bin/bash
DISPLAY=:0

Signal Handlers:
SIGSEGV: [libjvm.so+0x993870], sa_mask[0]=0x7ffbfeff, sa_flags=0x10000004
SIGBUS: [libjvm.so+0x993870], sa_mask[0]=0x7ffbfeff, sa_flags=0x10000004
SIGFPE: [libjvm.so+0x8105b0], sa_mask[0]=0x7ffbfeff, sa_flags=0x10000004
SIGPIPE: [libjvm.so+0x8105b0], sa_mask[0]=0x7ffbfeff, sa_flags=0x10000004
SIGXFSZ: [libjvm.so+0x8105b0], sa_mask[0]=0x7ffbfeff, sa_flags=0x10000004
SIGILL: [libjvm.so+0x8105b0], sa_mask[0]=0x7ffbfeff, sa_flags=0x10000004
SIGUSR1: SIG_DFL, sa_mask[0]=0x00000000, sa_flags=0x00000000
SIGUSR2: [libjvm.so+0x811aa0], sa_mask[0]=0x00000004, sa_flags=0x10000004
SIGHUP: SIG_DFL, sa_mask[0]=0x00000000, sa_flags=0x00000000
SIGINT: SIG_DFL, sa_mask[0]=0x00000000, sa_flags=0x00000000
SIGTERM: SIG_DFL, sa_mask[0]=0x00000000, sa_flags=0x00000000
SIGQUIT: SIG_DFL, sa_mask[0]=0x00000000, sa_flags=0x00000000


---------------  S Y S T E M  ---------------

OS:jessie/sid

uname:Linux 3.13.0-29-generic #53-Ubuntu SMP Wed Jun 4 21:00:20 UTC 2014 x86_64
libc:glibc 2.19 NPTL 2.19 
rlimit: STACK 8192k, CORE 0k, NPROC 62940, NOFILE 4096, AS infinity
load average:2.36 1.48 0.95

/proc/meminfo:
MemTotal:        8087696 kB
MemFree:         2019796 kB
Buffers:           93520 kB
Cached:          1369976 kB
SwapCached:       370928 kB
Active:          3317932 kB
Inactive:        2423580 kB
Active(anon):    2993384 kB
Inactive(anon):  2035956 kB
Active(file):     324548 kB
Inactive(file):   387624 kB
Unevictable:          80 kB
Mlocked:              80 kB
SwapTotal:       8302588 kB
SwapFree:        6860024 kB
Dirty:             18584 kB
Writeback:             0 kB
AnonPages:       4081860 kB
Mapped:           364888 kB
Shmem:            751316 kB
Slab:             135136 kB
SReclaimable:      85352 kB
SUnreclaim:        49784 kB
KernelStack:        7400 kB
PageTables:        66052 kB
NFS_Unstable:          0 kB
Bounce:                0 kB
WritebackTmp:          0 kB
CommitLimit:    12346436 kB
Committed_AS:   17570836 kB
VmallocTotal:   34359738367 kB
VmallocUsed:      413252 kB
VmallocChunk:   34359260584 kB
HardwareCorrupted:     0 kB
AnonHugePages:   2045952 kB
HugePages_Total:       0
HugePages_Free:        0
HugePages_Rsvd:        0
HugePages_Surp:        0
Hugepagesize:       2048 kB
DirectMap4k:      104384 kB
DirectMap2M:     8196096 kB


CPU:total 4 (2 cores per cpu, 2 threads per core) family 6 model 42 stepping 7, cmov, cx8, fxsr, mmx, sse, sse2, sse3, ssse3, sse4.1, sse4.2, popcnt, avx, aes, ht, tsc, tscinvbit

/proc/cpuinfo:
processor	: 0
vendor_id	: GenuineIntel
cpu family	: 6
model		: 42
model name	: Intel(R) Core(TM) i5-2450M CPU @ 2.50GHz
stepping	: 7
microcode	: 0x23
cpu MHz		: 800.000
cache size	: 3072 KB
physical id	: 0
siblings	: 4
core id		: 0
cpu cores	: 2
apicid		: 0
initial apicid	: 0
fpu		: yes
fpu_exception	: yes
cpuid level	: 13
wp		: yes
flags		: fpu vme de pse tsc msr pae mce cx8 apic sep mtrr pge mca cmov pat pse36 clflush dts acpi mmx fxsr sse sse2 ss ht tm pbe syscall nx rdtscp lm constant_tsc arch_perfmon pebs bts nopl xtopology nonstop_tsc aperfmperf eagerfpu pni pclmulqdq dtes64 monitor ds_cpl vmx est tm2 ssse3 cx16 xtpr pdcm pcid sse4_1 sse4_2 x2apic popcnt tsc_deadline_timer aes xsave avx lahf_lm ida arat epb xsaveopt pln pts dtherm tpr_shadow vnmi flexpriority ept vpid
bogomips	: 4988.59
clflush size	: 64
cache_alignment	: 64
address sizes	: 36 bits physical, 48 bits virtual
power management:

processor	: 1
vendor_id	: GenuineIntel
cpu family	: 6
model		: 42
model name	: Intel(R) Core(TM) i5-2450M CPU @ 2.50GHz
stepping	: 7
microcode	: 0x23
cpu MHz		: 2501.000
cache size	: 3072 KB
physical id	: 0
siblings	: 4
core id		: 0
cpu cores	: 2
apicid		: 1
initial apicid	: 1
fpu		: yes
fpu_exception	: yes
cpuid level	: 13
wp		: yes
flags		: fpu vme de pse tsc msr pae mce cx8 apic sep mtrr pge mca cmov pat pse36 clflush dts acpi mmx fxsr sse sse2 ss ht tm pbe syscall nx rdtscp lm constant_tsc arch_perfmon pebs bts nopl xtopology nonstop_tsc aperfmperf eagerfpu pni pclmulqdq dtes64 monitor ds_cpl vmx est tm2 ssse3 cx16 xtpr pdcm pcid sse4_1 sse4_2 x2apic popcnt tsc_deadline_timer aes xsave avx lahf_lm ida arat epb xsaveopt pln pts dtherm tpr_shadow vnmi flexpriority ept vpid
bogomips	: 4988.59
clflush size	: 64
cache_alignment	: 64
address sizes	: 36 bits physical, 48 bits virtual
power management:

processor	: 2
vendor_id	: GenuineIntel
cpu family	: 6
model		: 42
model name	: Intel(R) Core(TM) i5-2450M CPU @ 2.50GHz
stepping	: 7
microcode	: 0x23
cpu MHz		: 800.000
cache size	: 3072 KB
physical id	: 0
siblings	: 4
core id		: 1
cpu cores	: 2
apicid		: 2
initial apicid	: 2
fpu		: yes
fpu_exception	: yes
cpuid level	: 13
wp		: yes
flags		: fpu vme de pse tsc msr pae mce cx8 apic sep mtrr pge mca cmov pat pse36 clflush dts acpi mmx fxsr sse sse2 ss ht tm pbe syscall nx rdtscp lm constant_tsc arch_perfmon pebs bts nopl xtopology nonstop_tsc aperfmperf eagerfpu pni pclmulqdq dtes64 monitor ds_cpl vmx est tm2 ssse3 cx16 xtpr pdcm pcid sse4_1 sse4_2 x2apic popcnt tsc_deadline_timer aes xsave avx lahf_lm ida arat epb xsaveopt pln pts dtherm tpr_shadow vnmi flexpriority ept vpid
bogomips	: 4988.59
clflush size	: 64
cache_alignment	: 64
address sizes	: 36 bits physical, 48 bits virtual
power management:

processor	: 3
vendor_id	: GenuineIntel
cpu family	: 6
model		: 42
model name	: Intel(R) Core(TM) i5-2450M CPU @ 2.50GHz
stepping	: 7
microcode	: 0x23
cpu MHz		: 2501.000
cache size	: 3072 KB
physical id	: 0
siblings	: 4
core id		: 1
cpu cores	: 2
apicid		: 3
initial apicid	: 3
fpu		: yes
fpu_exception	: yes
cpuid level	: 13
wp		: yes
flags		: fpu vme de pse tsc msr pae mce cx8 apic sep mtrr pge mca cmov pat pse36 clflush dts acpi mmx fxsr sse sse2 ss ht tm pbe syscall nx rdtscp lm constant_tsc arch_perfmon pebs bts nopl xtopology nonstop_tsc aperfmperf eagerfpu pni pclmulqdq dtes64 monitor ds_cpl vmx est tm2 ssse3 cx16 xtpr pdcm pcid sse4_1 sse4_2 x2apic popcnt tsc_deadline_timer aes xsave avx lahf_lm ida arat epb xsaveopt pln pts dtherm tpr_shadow vnmi flexpriority ept vpid
bogomips	: 4988.59
clflush size	: 64
cache_alignment	: 64
address sizes	: 36 bits physical, 48 bits virtual
power management:



Memory: 4k page, physical 8087696k(2019796k free), swap 8302588k(6860024k free)

vm_info: Java HotSpot(TM) 64-Bit Server VM (24.51-b03) for linux-amd64 JRE (1.7.0_51-b13), built on Dec 18 2013 18:48:01 by "java_re" with gcc 4.3.0 20080428 (Red Hat 4.3.0-8)

time: Tue Jun 24 19:34:02 2014
elapsed time: 0 seconds

